==========================================
SLURM_JOB_ID = 8065284
SLURM_JOB_NODELIST = d05-15
TMPDIR = /tmp/SLURM_8065284
==========================================
[Warning: MATLAB has disabled some advanced graphics rendering features by switching to software OpenGL. For more information, click <a href="matlab:opengl('problems')">here</a>.] 
    2.0000   39.9786   25.3735

    3.0000   40.5587   28.2598

    4.0000   40.5904   29.2626

    5.0000   40.4303   27.7137

    6.0000   35.2554   20.8094

    7.0000   38.0975   29.8167

    8.0000   38.6554   31.0356

    9.0000   42.3784   30.8533

   10.0000   40.6465   29.9447

   11.0000   39.0437   31.4494

   12.0000   37.4484   33.1949

   13.0000   36.7598   30.1856

   14.0000   41.5280   32.4155

   15.0000   42.9803   22.0939

   16.0000   41.0656   31.6228

   17.0000   40.8134   32.1273

   18.0000   42.0463   33.5230

   19.0000   40.3091   36.2057

   20.0000   43.0878   31.4943

   21.0000   41.7226   32.9949

   22.0000   46.3423   25.5587

   23.0000   44.0127   36.2702

   24.0000   36.6941   22.0337

   25.0000   39.5408   37.5618

   26.0000   44.0539   39.4910

   27.0000   43.3463   57.6016

   28.0000   38.7550   30.7886

   29.0000   42.9031   38.3944

   30.0000   41.9751   39.9341

   31.0000   42.8841   35.5364

   32.0000   39.7426   39.1107

   33.0000   42.6924   39.6270

   34.0000   44.8025   39.2514

   35.0000   39.3803   39.2248

   36.0000   46.2268   31.6634

   37.0000   42.6747   39.5470

   38.0000   43.1794   24.5676

   39.0000   44.1211   38.5931

   40.0000   38.3896   33.5163

   41.0000   43.3853   40.1355

   42.0000   40.5891   41.7243

   43.0000   43.5217   32.2265

   44.0000   34.7304   46.6660

   45.0000   43.7106   39.0317

   46.0000   43.8243   49.3104

   47.0000   43.7858   47.0486

   48.0000   45.2805   48.4604

   49.0000   45.5761   48.9475

   50.0000   47.2493   43.8677

   51.0000   38.6717   42.5434

   52.0000   43.8351   61.0410

   53.0000   44.3907   61.1261

   54.0000   43.8931   53.0098

   55.0000   45.5253   60.3196

   56.0000   45.6155   56.9187

   57.0000   43.9706   58.9504

   58.0000   44.7554   51.0891

   59.0000   45.3624   60.1264

   60.0000   47.4088   60.1375

   61.0000   45.4696   61.7751

   62.0000   49.6387   63.1457

   63.0000   48.1446   62.0880

   64.0000   51.0486   59.4564

   65.0000   50.0274   64.9105

   66.0000   44.8446   66.4643

   67.0000   46.0665   59.8515

   68.0000   50.1118   57.8948

   69.0000   49.8416   60.7017

   70.0000   51.1919   58.0745

   71.0000   48.8730   62.0359

   72.0000   51.1278   64.6463

   73.0000   49.9699   57.1247

   74.0000   48.8608   63.4813

   75.0000   50.7491   57.9237

   76.0000   54.8987   59.2945

   77.0000   49.1668   56.6318

   78.0000   54.5477   55.5331

   79.0000   54.0407   58.6686

   80.0000   55.4267   55.0315

   81.0000   58.9467   53.7471

   82.0000   54.4478   54.6796

   83.0000   56.1426   47.1591

   84.0000   55.0457   52.1526

   85.0000   54.9032   57.8814

   86.0000   55.1306   58.1895

   87.0000   51.5260   51.0942

   88.0000   52.4514   49.9774

   89.0000   50.0133   56.0923

   90.0000   57.9512   48.4265

   91.0000   56.4421   54.8284

   92.0000   54.0865   54.8802

   93.0000   55.3139   56.8995

   94.0000   59.3872   48.3606

   95.0000   52.3659   58.4393

   96.0000   54.3689   50.5091

   97.0000   53.0211   54.8060

   98.0000   56.9395   54.6229

   99.0000   53.8693   55.0853

  100.0000   55.4467   56.6493

  101.0000   55.6094   54.5698

  102.0000   54.9187   51.5472

  103.0000   55.9106   53.0583

  104.0000   53.4392   36.6938

  105.0000   54.7157   50.7198

  106.0000   53.9031   42.9293

  107.0000   51.0857   55.2762

  108.0000   55.4438   46.7646

  109.0000   49.6245   50.1593

  110.0000   48.2083   55.0078

  111.0000   51.3927   40.9671

  112.0000   56.9755   55.1969

  113.0000   55.1194   51.3750

  114.0000   53.9091   59.8011

  115.0000   55.8045   49.2459

  116.0000   55.0318   54.5925

  117.0000   59.3920   46.6369

  118.0000   59.2672   53.6732

  119.0000   57.3392   55.5247

  120.0000   56.5040   55.1859

  121.0000   61.1814   49.8504

  122.0000   57.1479   52.3495

  123.0000   58.7130   50.9610

  124.0000   57.6349   54.5346

  125.0000   55.8345   39.1800

  126.0000   52.6377   56.0345

  127.0000   54.6709   54.0423

  128.0000   56.2796   55.4332

  129.0000   56.1621   48.8689

  130.0000   54.7346   47.9650

  131.0000   49.1690   50.7899

  132.0000   55.1675   54.8806

  133.0000   54.4192   53.9068

  134.0000   55.4445   51.4985

  135.0000   54.8202   53.3405

  136.0000   55.0624   48.8701

  137.0000   52.7672   54.6781

  138.0000   57.2805   59.3688

  139.0000   56.5584   58.2953

  140.0000   59.1539   53.7212

  141.0000   54.1717   49.5985

  142.0000   57.2710   45.5610

  143.0000   54.0211   60.4702

  144.0000   58.5509   55.4955

  145.0000   56.3512   54.9385

  146.0000   54.5916   57.9238

  147.0000   60.2105   49.5010

  148.0000   56.1621   59.9365

  149.0000   57.5414   58.0809

  150.0000   56.0460   56.8676

  151.0000   54.7555   57.2268

  152.0000   58.6332   58.2958

  153.0000   56.8529   55.6247

  154.0000   58.0302   53.0796

  155.0000   56.2434   57.7101

  156.0000   52.3022   59.9503

  157.0000   57.7227   57.4358

  158.0000   58.6666   56.0097

  159.0000   56.5017   45.8146

  160.0000   57.2206   52.6960

  161.0000   55.5517   51.2684

  162.0000   56.3810   58.7958

  163.0000   56.9670   58.6160

  164.0000   56.1529   44.5373

  165.0000   56.8849   56.5936

  166.0000   53.8130   56.2249

  167.0000   55.8773   56.0836

  168.0000   55.7559   56.0938

  169.0000   57.1847   55.8328

  170.0000   56.1195   51.7103

  171.0000   55.0229   58.6879

  172.0000   60.6691   51.4630

  173.0000   56.5207   57.0631

  174.0000   56.9858   47.5171

  175.0000   56.6838   52.8426

  176.0000   56.5184   56.6278

  177.0000   57.1000   60.7023

  178.0000   51.8088   60.0132

  179.0000   54.7413   61.0170

  180.0000   55.5152   60.3271

  181.0000   53.8627   59.5322

  182.0000   52.8255   60.4913

  183.0000   53.0027   60.6681

  184.0000   55.0166   55.5354

  185.0000   53.8113   60.9572

  186.0000   54.0344   52.7718

  187.0000   48.1376   51.8832

  188.0000   50.9010   55.8100

  189.0000   49.9733   56.1190

  190.0000   51.6126   45.7234

  191.0000   48.6305   57.2344

  192.0000   52.9650   38.2162

  193.0000   51.5091   55.4215

  194.0000   50.0763   48.3602

  195.0000   50.2423   56.6147

  196.0000   50.9298   54.4845

  197.0000   52.3198   55.8926

  198.0000   51.2521   53.9595

  199.0000   55.5572   42.8803

  200.0000   53.3162   53.7531

  201.0000   52.8836   53.8422

  202.0000   53.4142   53.7672

  203.0000   52.2533   63.5756

  204.0000   48.1462   56.3521

  205.0000   60.9822   44.5782

  206.0000   49.9522   55.4764

  207.0000   52.7545   51.6287

  208.0000   54.4280   47.1895

  209.0000   50.7300   54.7443

  210.0000   53.7609   56.4195

  211.0000   53.4252   57.6238

  212.0000   53.4747   57.9365

  213.0000   50.9400   58.5224

  214.0000   54.7107   58.1494

  215.0000   55.2388   47.6068

  216.0000   54.6987   47.5713

  217.0000   50.9820   59.7691

  218.0000   54.4735   57.2672

  219.0000   53.3243   59.3695

  220.0000   51.0289   61.5807

  221.0000   49.9455   58.7720

  222.0000   48.9020   58.0415

  223.0000   50.2233   59.6068

  224.0000   49.3483   59.5929

  225.0000   46.4259   62.3168

  226.0000   49.2725   62.4032

  227.0000   48.8287   62.9531

  228.0000   47.2954   63.6042

  229.0000   48.9360   61.6390

  230.0000   49.0651   61.3553

  231.0000   46.3501   62.6191

  232.0000   45.1781   60.3303

  233.0000   45.9877   64.0102

  234.0000   45.6433   62.4358

  235.0000   44.2002   62.9614

  236.0000   46.9187   65.0096

  237.0000   46.1963   63.5752

  238.0000   48.3386   64.8723

  239.0000   47.8504   64.1619

  240.0000   48.0463   64.4387

  241.0000   46.3364   60.7938

  242.0000   48.3831   38.4558

  243.0000   46.1973   65.3015

  244.0000   43.1845   60.6973

  245.0000   45.4387   59.7734

  246.0000   47.2777   63.5448

  247.0000   48.6879   63.1443

  248.0000   46.5138   63.6672

  249.0000   48.8047   64.8239

  250.0000   50.0771   67.1893

  251.0000   48.5683   66.6678

  252.0000   47.4455   68.1944

  253.0000   50.1451   66.7346

  254.0000   48.6400   67.8726

  255.0000   43.9309   62.4768

  256.0000   48.3429   67.3035

  257.0000   50.5356   67.4216

  258.0000   49.0741   63.8724

  259.0000   48.6767   63.5745

  260.0000   55.1248   55.5106

  261.0000   48.5538   60.7603

  262.0000   47.1862   66.7386

  263.0000   51.2502   65.0124

  264.0000   49.4625   68.5290

  265.0000   56.8296   64.2024

  266.0000   50.6852   66.0028

  267.0000   51.9227   63.2113

  268.0000   45.6889   66.7583

  269.0000   50.0214   67.6655

  270.0000   47.9524   61.2464

  271.0000   46.8750   70.0301

  272.0000   49.9578   72.2975

  273.0000   51.5404   63.8873

  274.0000   52.4637   64.7434

  275.0000   49.1684   61.2319

  276.0000   52.6907   65.4962

  277.0000   51.1132   48.1664

  278.0000   52.9425   63.0339

  279.0000   52.2402   62.8814

  280.0000   55.7237   63.4368

  281.0000   55.6657   62.4923

  282.0000   55.8450   59.9792

  283.0000   53.5992   62.4367

  284.0000   53.7244   58.3725

  285.0000   52.3654   58.4751

  286.0000   54.3949   67.6878

  287.0000   57.3058   53.9729

  288.0000   53.9533   62.9326

  289.0000   54.6454   66.7264

  290.0000   57.3515   66.9336

  291.0000   55.3812   69.5886

  292.0000   58.5938   61.6871

  293.0000   57.4974   66.2382

  294.0000   54.9936   65.3591

  295.0000   57.1873   65.1877

  296.0000   59.3536   68.1919

  297.0000   59.8739   61.9860

  298.0000   59.6506   66.1873

  299.0000   64.8998   69.7494

  300.0000   62.0730   66.8532

  301.0000   54.1578   77.3410

  302.0000   62.8960   65.6084

  303.0000   65.1385   70.9795

  304.0000   62.5358   70.6255

  305.0000   62.2146   61.4542

  306.0000   66.0862   70.1752

  307.0000   71.0150   70.7398

  308.0000   67.2159   69.3654

  309.0000   62.5516   46.1406

slurmstepd: error: *** JOB 8065284 ON d05-15 CANCELLED AT 2022-04-12T17:56:27 DUE TO TIME LIMIT ***
